{"/home/clei/Git/suppliermax-api/src/App.ts": {"path":"/home/clei/Git/suppliermax-api/src/App.ts","statementMap":{"0":{"start":{"line":1,"column":0},"end":{"line":1,"column":43}},"1":{"start":{"line":2,"column":0},"end":{"line":2,"column":24}},"2":{"start":{"line":3,"column":0},"end":{"line":3,"column":37}},"3":{"start":{"line":4,"column":0},"end":{"line":4,"column":55}},"4":{"start":{"line":6,"column":21},"end":{"line":6,"column":30}},"5":{"start":{"line":24,"column":9},"end":{"line":24,"column":12}},"6":{"start":{"line":7,"column":20},"end":{"line":11,"column":null}},"7":{"start":{"line":13,"column":0},"end":{"line":13,"column":27}},"8":{"start":{"line":14,"column":0},"end":{"line":14,"column":24}},"9":{"start":{"line":15,"column":0},"end":{"line":15,"column":16}},"10":{"start":{"line":17,"column":20},"end":{"line":17,"column":45}},"11":{"start":{"line":18,"column":0},"end":{"line":22,"column":1}},"12":{"start":{"line":19,"column":2},"end":{"line":19,"column":54}},"13":{"start":{"line":21,"column":2},"end":{"line":21,"column":18}}},"fnMap":{},"branchMap":{"0":{"loc":{"start":{"line":19,"column":22},"end":{"line":19,"column":52}},"type":"binary-expr","locations":[{"start":{"line":19,"column":22},"end":{"line":19,"column":46}},{"start":{"line":19,"column":50},"end":{"line":19,"column":52}}]}},"s":{"0":1,"1":1,"2":1,"3":1,"4":1,"5":1,"6":1,"7":1,"8":1,"9":1,"10":1,"11":1,"12":1,"13":0},"f":{},"b":{"0":[1,0]}}
,"/home/clei/Git/suppliermax-api/src/controllers/SupplierController.ts": {"path":"/home/clei/Git/suppliermax-api/src/controllers/SupplierController.ts","statementMap":{"0":{"start":{"line":2,"column":0},"end":{"line":2,"column":70}},"1":{"start":{"line":6,"column":27},"end":{"line":6,"column":51}},"2":{"start":{"line":10,"column":4},"end":{"line":15,"column":5}},"3":{"start":{"line":11,"column":24},"end":{"line":11,"column":66}},"4":{"start":{"line":12,"column":6},"end":{"line":12,"column":26}},"5":{"start":{"line":14,"column":6},"end":{"line":14,"column":63}},"6":{"start":{"line":19,"column":19},"end":{"line":19,"column":29}},"7":{"start":{"line":20,"column":4},"end":{"line":28,"column":5}},"8":{"start":{"line":21,"column":23},"end":{"line":21,"column":67}},"9":{"start":{"line":22,"column":6},"end":{"line":24,"column":7}},"10":{"start":{"line":23,"column":8},"end":{"line":23,"column":69}},"11":{"start":{"line":25,"column":6},"end":{"line":25,"column":25}},"12":{"start":{"line":27,"column":6},"end":{"line":27,"column":63}},"13":{"start":{"line":32,"column":64},"end":{"line":32,"column":72}},"14":{"start":{"line":34,"column":17},"end":{"line":38,"column":6}},"15":{"start":{"line":39,"column":4},"end":{"line":52,"column":5}},"16":{"start":{"line":40,"column":16},"end":{"line":47,"column":20}},"17":{"start":{"line":48,"column":40},"end":{"line":48,"column":91}},"18":{"start":{"line":49,"column":6},"end":{"line":49,"column":40}},"19":{"start":{"line":51,"column":6},"end":{"line":51,"column":63}},"20":{"start":{"line":56,"column":19},"end":{"line":56,"column":29}},"21":{"start":{"line":57,"column":64},"end":{"line":57,"column":72}},"22":{"start":{"line":58,"column":4},"end":{"line":64,"column":5}},"23":{"start":{"line":59,"column":16},"end":{"line":59,"column":79}},"24":{"start":{"line":60,"column":30},"end":{"line":60,"column":79}},"25":{"start":{"line":61,"column":6},"end":{"line":61,"column":44}},"26":{"start":{"line":63,"column":6},"end":{"line":63,"column":63}},"27":{"start":{"line":68,"column":19},"end":{"line":68,"column":29}},"28":{"start":{"line":69,"column":4},"end":{"line":74,"column":5}},"29":{"start":{"line":70,"column":6},"end":{"line":70,"column":50}},"30":{"start":{"line":71,"column":6},"end":{"line":71,"column":29}},"31":{"start":{"line":73,"column":6},"end":{"line":73,"column":63}},"32":{"start":{"line":8,"column":0},"end":{"line":8,"column":13}}},"fnMap":{"0":{"name":"(anonymous_8)","decl":{"start":{"line":9,"column":8},"end":{"line":9,"column":23}},"loc":{"start":{"line":9,"column":51},"end":{"line":16,"column":null}}},"1":{"name":"(anonymous_10)","decl":{"start":{"line":18,"column":8},"end":{"line":18,"column":23}},"loc":{"start":{"line":18,"column":51},"end":{"line":29,"column":null}}},"2":{"name":"(anonymous_12)","decl":{"start":{"line":31,"column":8},"end":{"line":31,"column":22}},"loc":{"start":{"line":31,"column":50},"end":{"line":53,"column":null}}},"3":{"name":"(anonymous_14)","decl":{"start":{"line":55,"column":8},"end":{"line":55,"column":22}},"loc":{"start":{"line":55,"column":50},"end":{"line":65,"column":null}}},"4":{"name":"(anonymous_16)","decl":{"start":{"line":67,"column":8},"end":{"line":67,"column":22}},"loc":{"start":{"line":67,"column":50},"end":{"line":75,"column":null}}}},"branchMap":{"0":{"loc":{"start":{"line":22,"column":6},"end":{"line":24,"column":7}},"type":"if","locations":[{"start":{"line":22,"column":6},"end":{"line":24,"column":7}}]},"1":{"loc":{"start":{"line":35,"column":14},"end":{"line":35,"column":47}},"type":"cond-expr","locations":[{"start":{"line":35,"column":25},"end":{"line":35,"column":40}},{"start":{"line":35,"column":43},"end":{"line":35,"column":47}}]},"2":{"loc":{"start":{"line":36,"column":16},"end":{"line":36,"column":51}},"type":"cond-expr","locations":[{"start":{"line":36,"column":27},"end":{"line":36,"column":44}},{"start":{"line":36,"column":47},"end":{"line":36,"column":51}}]},"3":{"loc":{"start":{"line":37,"column":21},"end":{"line":37,"column":60}},"type":"cond-expr","locations":[{"start":{"line":37,"column":32},"end":{"line":37,"column":53}},{"start":{"line":37,"column":56},"end":{"line":37,"column":60}}]}},"s":{"0":1,"1":1,"2":1,"3":1,"4":1,"5":0,"6":2,"7":2,"8":2,"9":2,"10":1,"11":1,"12":0,"13":1,"14":1,"15":1,"16":1,"17":1,"18":1,"19":0,"20":1,"21":1,"22":1,"23":1,"24":1,"25":1,"26":0,"27":1,"28":1,"29":1,"30":1,"31":0,"32":1},"f":{"0":1,"1":2,"2":1,"3":1,"4":1},"b":{"0":[1],"1":[1,0],"2":[1,0],"3":[1,0]}}
,"/home/clei/Git/suppliermax-api/src/mongoDB/MongooseClient.ts": {"path":"/home/clei/Git/suppliermax-api/src/mongoDB/MongooseClient.ts","statementMap":{"0":{"start":{"line":1,"column":0},"end":{"line":1,"column":36}},"1":{"start":{"line":8,"column":4},"end":{"line":8,"column":35}},"2":{"start":{"line":12,"column":4},"end":{"line":14,"column":5}},"3":{"start":{"line":13,"column":6},"end":{"line":13,"column":47}},"4":{"start":{"line":16,"column":4},"end":{"line":16,"column":32}},"5":{"start":{"line":20,"column":4},"end":{"line":20,"column":25}},"6":{"start":{"line":24,"column":4},"end":{"line":28,"column":7}},"7":{"start":{"line":25,"column":6},"end":{"line":25,"column":42}},"8":{"start":{"line":27,"column":6},"end":{"line":27,"column":58}},"9":{"start":{"line":32,"column":25},"end":{"line":45,"column":6}},"10":{"start":{"line":47,"column":4},"end":{"line":47,"column":55}},"11":{"start":{"line":3,"column":0},"end":{"line":3,"column":13}}},"fnMap":{"0":{"name":"(anonymous_0)","decl":{"start":{"line":7,"column":2},"end":{"line":7,"column":null}},"loc":{"start":{"line":7,"column":2},"end":{"line":9,"column":3}}},"1":{"name":"(anonymous_1)","decl":{"start":{"line":11,"column":9},"end":{"line":11,"column":15}},"loc":{"start":{"line":11,"column":27},"end":{"line":17,"column":3}}},"2":{"name":"(anonymous_2)","decl":{"start":{"line":19,"column":9},"end":{"line":19,"column":20}},"loc":{"start":{"line":19,"column":20},"end":{"line":21,"column":3}}},"3":{"name":"(anonymous_3)","decl":{"start":{"line":23,"column":9},"end":{"line":23,"column":16}},"loc":{"start":{"line":23,"column":28},"end":{"line":29,"column":3}}},"4":{"name":"(anonymous_4)","decl":{"start":{"line":24,"column":36},"end":{"line":24,"column":39}},"loc":{"start":{"line":24,"column":41},"end":{"line":26,"column":5}}},"5":{"name":"(anonymous_5)","decl":{"start":{"line":26,"column":13},"end":{"line":26,"column":14}},"loc":{"start":{"line":26,"column":23},"end":{"line":28,"column":5}}},"6":{"name":"(anonymous_6)","decl":{"start":{"line":31,"column":9},"end":{"line":31,"column":21}},"loc":{"start":{"line":31,"column":21},"end":{"line":48,"column":3}}}},"branchMap":{"0":{"loc":{"start":{"line":12,"column":4},"end":{"line":14,"column":5}},"type":"if","locations":[{"start":{"line":12,"column":4},"end":{"line":14,"column":5}}]}},"s":{"0":1,"1":1,"2":2,"3":1,"4":2,"5":0,"6":1,"7":1,"8":0,"9":1,"10":1,"11":1},"f":{"0":1,"1":2,"2":0,"3":1,"4":1,"5":0,"6":1},"b":{"0":[1]}}
,"/home/clei/Git/suppliermax-api/src/repositories/SupplierRepository.ts": {"path":"/home/clei/Git/suppliermax-api/src/repositories/SupplierRepository.ts","statementMap":{"0":{"start":{"line":1,"column":0},"end":{"line":1,"column":46}},"1":{"start":{"line":3,"column":0},"end":{"line":3,"column":56}},"2":{"start":{"line":6,"column":15},"end":{"line":6,"column":33}},"3":{"start":{"line":7,"column":20},"end":{"line":7,"column":45}},"4":{"start":{"line":8,"column":21},"end":{"line":8,"column":47}},"5":{"start":{"line":12,"column":4},"end":{"line":12,"column":44}},"6":{"start":{"line":16,"column":16},"end":{"line":16,"column":60}},"7":{"start":{"line":17,"column":17},"end":{"line":17,"column":76}},"8":{"start":{"line":18,"column":21},"end":{"line":26,"column":12}},"9":{"start":{"line":28,"column":4},"end":{"line":28,"column":20}},"10":{"start":{"line":32,"column":21},"end":{"line":32,"column":59}},"11":{"start":{"line":33,"column":18},"end":{"line":39,"column":6}},"12":{"start":{"line":40,"column":19},"end":{"line":40,"column":42}},"13":{"start":{"line":41,"column":19},"end":{"line":41,"column":38}},"14":{"start":{"line":43,"column":24},"end":{"line":51,"column":6}},"15":{"start":{"line":53,"column":4},"end":{"line":53,"column":23}},"16":{"start":{"line":57,"column":4},"end":{"line":57,"column":65}},"17":{"start":{"line":61,"column":4},"end":{"line":61,"column":52}},"18":{"start":{"line":62,"column":4},"end":{"line":62,"column":51}},"19":{"start":{"line":10,"column":0},"end":{"line":10,"column":21}}},"fnMap":{"0":{"name":"(anonymous_7)","decl":{"start":{"line":11,"column":8},"end":{"line":11,"column":23}},"loc":{"start":{"line":11,"column":23},"end":{"line":13,"column":null}}},"1":{"name":"(anonymous_9)","decl":{"start":{"line":15,"column":8},"end":{"line":15,"column":23}},"loc":{"start":{"line":15,"column":34},"end":{"line":29,"column":null}}},"2":{"name":"(anonymous_11)","decl":{"start":{"line":31,"column":8},"end":{"line":31,"column":22}},"loc":{"start":{"line":31,"column":48},"end":{"line":54,"column":null}}},"3":{"name":"(anonymous_13)","decl":{"start":{"line":56,"column":8},"end":{"line":56,"column":22}},"loc":{"start":{"line":56,"column":49},"end":{"line":58,"column":null}}},"4":{"name":"(anonymous_15)","decl":{"start":{"line":60,"column":8},"end":{"line":60,"column":22}},"loc":{"start":{"line":60,"column":33},"end":{"line":63,"column":null}}}},"branchMap":{"0":{"loc":{"start":{"line":17,"column":17},"end":{"line":17,"column":76}},"type":"binary-expr","locations":[{"start":{"line":17,"column":17},"end":{"line":17,"column":68}},{"start":{"line":17,"column":72},"end":{"line":17,"column":76}}]},"1":{"loc":{"start":{"line":18,"column":21},"end":{"line":26,"column":12}},"type":"cond-expr","locations":[{"start":{"line":18,"column":28},"end":{"line":26,"column":6}},{"start":{"line":26,"column":8},"end":{"line":26,"column":12}}]}},"s":{"0":1,"1":1,"2":1,"3":1,"4":1,"5":1,"6":2,"7":2,"8":2,"9":2,"10":1,"11":1,"12":1,"13":1,"14":1,"15":1,"16":1,"17":1,"18":1,"19":1},"f":{"0":1,"1":2,"2":1,"3":1,"4":1},"b":{"0":[2,1],"1":[1,1]}}
,"/home/clei/Git/suppliermax-api/src/routes/Router.ts": {"path":"/home/clei/Git/suppliermax-api/src/routes/Router.ts","statementMap":{"0":{"start":{"line":1,"column":0},"end":{"line":1,"column":42}},"1":{"start":{"line":2,"column":0},"end":{"line":2,"column":71}},"2":{"start":{"line":3,"column":0},"end":{"line":3,"column":24}},"3":{"start":{"line":4,"column":0},"end":{"line":4,"column":28}},"4":{"start":{"line":6,"column":15},"end":{"line":6,"column":23}},"5":{"start":{"line":7,"column":27},"end":{"line":7,"column":51}},"6":{"start":{"line":9,"column":21},"end":{"line":9,"column":74}},"7":{"start":{"line":11,"column":16},"end":{"line":11,"column":38}},"8":{"start":{"line":12,"column":15},"end":{"line":12,"column":43}},"9":{"start":{"line":14,"column":0},"end":{"line":14,"column":61}},"10":{"start":{"line":15,"column":0},"end":{"line":15,"column":65}},"11":{"start":{"line":16,"column":0},"end":{"line":16,"column":85}},"12":{"start":{"line":17,"column":0},"end":{"line":17,"column":64}},"13":{"start":{"line":18,"column":0},"end":{"line":18,"column":67}},"14":{"start":{"line":20,"column":0},"end":{"line":20,"column":59}},"15":{"start":{"line":21,"column":0},"end":{"line":23,"column":3}},"16":{"start":{"line":22,"column":2},"end":{"line":22,"column":54}},"17":{"start":{"line":25,"column":0},"end":{"line":25,"column":22}}},"fnMap":{"0":{"name":"(anonymous_7)","decl":{"start":{"line":21,"column":29},"end":{"line":21,"column":30}},"loc":{"start":{"line":21,"column":42},"end":{"line":23,"column":1}}}},"branchMap":{},"s":{"0":1,"1":1,"2":1,"3":1,"4":1,"5":1,"6":1,"7":1,"8":1,"9":1,"10":1,"11":1,"12":1,"13":1,"14":1,"15":1,"16":0,"17":1},"f":{"0":0},"b":{}}
}
